<?xml version="1.0" encoding="UTF-8"?>
<!-- Generated by org.testng.reporters.JUnitReportReporter -->
<testsuite hostname="DESKTOP-BITRVCE" failures="0" tests="2" name="TestNGScripts.ExtentReportTest" time="23.044" errors="0" timestamp="2022-01-27T15:09:24 IST" skipped="0">
  <testcase classname="TestNGScripts.ExtentReportTest" name="MovieSearchTest" time="13.794"/>
  <system-out/>
  <testcase classname="TestNGScripts.ExtentReportTest" name="ReportSearchTest" time="9.250"/>
  <system-out/>
</testsuite> <!-- TestNGScripts.ExtentReportTest -->
