<?xml version="1.0" encoding="UTF-8"?>
<!-- Generated by org.testng.reporters.JUnitReportReporter -->
<testsuite hostname="DESKTOP-BITRVCE" failures="0" tests="1" name="TestNGScripts.NewTest" time="32.882" errors="0" timestamp="2022-02-15T10:58:09 IST" skipped="0">
  <testcase classname="TestNGScripts.NewTest" name="SeleniumSearchTest" time="32.882"/>
  <system-out/>
</testsuite> <!-- TestNGScripts.NewTest -->
