<?xml version="1.0" encoding="UTF-8"?>
<!-- Generated by org.testng.reporters.JUnitReportReporter -->
<testsuite hostname="DESKTOP-BITRVCE" failures="0" tests="4" name="TestNGScripts.ParamTest" time="42.568" errors="0" timestamp="2022-01-25T17:42:55 IST" skipped="0">
  <testcase classname="TestNGScripts.ParamTest" name="loginTest2" time="9.554"/>
  <system-out/>
  <testcase classname="TestNGScripts.ParamTest" name="loginTest2" time="14.734"/>
  <system-out/>
  <testcase classname="TestNGScripts.ParamTest" name="loginTest1" time="10.655"/>
  <system-out/>
  <testcase classname="TestNGScripts.ParamTest" name="loginTest2" time="7.625"/>
  <system-out/>
</testsuite> <!-- TestNGScripts.ParamTest -->
