<?xml version="1.0" encoding="UTF-8"?>
<!-- Generated by org.testng.reporters.JUnitReportReporter -->
<testsuite hostname="DESKTOP-BITRVCE" failures="0" tests="2" name="TestNGScripts.SampleTest2" time="10.677" errors="0" timestamp="2022-01-24T17:46:44 IST" skipped="0">
  <testcase classname="TestNGScripts.SampleTest2" name="AppiumSearchTest" time="5.972"/>
  <system-out/>
  <testcase classname="TestNGScripts.SampleTest2" name="cucumberSearchTest" time="4.705"/>
  <system-out/>
</testsuite> <!-- TestNGScripts.SampleTest2 -->
