<?xml version="1.0" encoding="UTF-8"?>
<!-- Generated by org.testng.reporters.JUnitReportReporter -->
<testsuite hostname="DESKTOP-BITRVCE" failures="0" tests="2" name="TestNGScripts.NewTest" time="11.946" errors="0" timestamp="2022-01-24T17:46:44 IST" skipped="0">
  <testcase classname="TestNGScripts.NewTest" name="JavaSearchTest" time="6.862"/>
  <system-out/>
  <testcase classname="TestNGScripts.NewTest" name="SeleniumSearchTest" time="5.084"/>
  <system-out/>
</testsuite> <!-- TestNGScripts.NewTest -->
