<?xml version="1.0" encoding="UTF-8"?>
<!-- Generated by org.testng.reporters.JUnitReportReporter -->
<testsuite hostname="DESKTOP-BITRVCE" failures="0" tests="1" name="TestNGScripts.NewTest" time="15.476" errors="0" timestamp="2022-02-19T20:29:18 IST" skipped="0">
  <testcase classname="TestNGScripts.NewTest" name="SeleniumSearchTest" time="15.476"/>
  <system-out/>
</testsuite> <!-- TestNGScripts.NewTest -->
