<?xml version="1.0" encoding="UTF-8"?>
<!-- Generated by org.testng.reporters.JUnitReportReporter -->
<testsuite hostname="DESKTOP-BITRVCE" failures="0" tests="2" name="TestNGScripts.SampleTest2" time="16.596" errors="0" timestamp="2022-02-19T20:29:18 IST" skipped="0">
  <testcase classname="TestNGScripts.SampleTest2" name="AppiumSearchTest" time="9.119"/>
  <system-out/>
  <testcase classname="TestNGScripts.SampleTest2" name="cucumberSearchTest" time="7.477"/>
  <system-out/>
</testsuite> <!-- TestNGScripts.SampleTest2 -->
